<?xml version="1.0" encoding="UTF-8"?>
<!-- Generated by org.testng.reporters.JUnitReportReporter -->
<testsuite skipped="0" hostname="lewiss-MBP.crwin.crnet.org" name="MyRunner.TestRunner" tests="1" failures="0" timestamp="25 Sep 2019 10:09:29 GMT" time="2.121" errors="0">
  <testcase name="feature" time="2.121" classname="MyRunner.TestRunner"/>
</testsuite> <!-- MyRunner.TestRunner -->
