<?xml version="1.0" encoding="UTF-8"?>
<!-- Generated by org.testng.reporters.JUnitReportReporter -->
<testsuite skipped="0" hostname="lewiss-MBP.crwin.crnet.org" name="MyRunner.TestRunner" tests="1" failures="0" timestamp="24 Sep 2019 09:40:44 GMT" time="1.751" errors="0">
  <testcase name="feature" time="1.751" classname="MyRunner.TestRunner"/>
</testsuite> <!-- MyRunner.TestRunner -->
